lip 29 22:46:58 dashboard-zero.urbinek.eu systemd[1]: Started waveshare-dashboard.service - Waveshare E-Paper Dashboard Service.
lip 29 22:47:02 dashboard-zero.urbinek.eu python3[203462]: [      main     ][  INFO  ] Tryb --service aktywny, ograniczanie gadatliwych logów.
lip 29 22:47:02 dashboard-zero.urbinek.eu python3[203462]: [      main     ][  INFO  ] --- Inicjalizacja Dashboardu Waveshare ---
lip 29 22:47:02 dashboard-zero.urbinek.eu python3[203462]: [     layout    ][  INFO  ] Wczytywanie konfiguracji layoutu z pliku 'layout.yaml'...
lip 29 22:47:02 dashboard-zero.urbinek.eu python3[203462]: [     layout    ][  INFO  ] Konfiguracja layoutu wczytana pomyślnie.
lip 29 22:47:02 dashboard-zero.urbinek.eu python3[203462]: [      main     ][  INFO  ] Czyszczenie katalogu tymczasowego: /dev/shm/waveshare_dashboard
lip 29 22:47:02 dashboard-zero.urbinek.eu python3[203462]: [      main     ][  INFO  ] Katalog tymczasowy wyczyszczony i gotowy do użycia.
lip 29 22:47:02 dashboard-zero.urbinek.eu python3[203462]: [      main     ][  INFO  ] Kopiowanie zasobów z 'assets' do '/dev/shm/waveshare_dashboard/assets'...
lip 29 22:47:03 dashboard-zero.urbinek.eu python3[203462]: [      main     ][  INFO  ] Mapowanie ścieżek zasobów na katalog tymczasowy...
lip 29 22:47:03 dashboard-zero.urbinek.eu python3[203462]: [      main     ][  INFO  ] Rozpoczynanie aktualizacji wszystkich źródeł danych...
lip 29 22:47:03 dashboard-zero.urbinek.eu python3[203462]: [startup_screens][  INFO  ] Wyświetlanie ekranu powitalnego...
lip 29 22:47:03 dashboard-zero.urbinek.eu python3[203462]: [    weather    ][  INFO  ] Pobieranie danych pogodowych z API: https://danepubliczne.imgw.pl/api/data/synop
lip 29 22:47:03 dashboard-zero.urbinek.eu python3[203462]: [    weather    ][  INFO  ] Pomyślnie zaktualizowano i zapisano dane pogodowe.
lip 29 22:47:03 dashboard-zero.urbinek.eu python3[203462]: [google_calendar][  INFO  ] Uruchamianie pełnej aktualizacji danych kalendarza...
lip 29 22:47:03 dashboard-zero.urbinek.eu python3[203462]: [google_calendar][  INFO  ] Aktualizowanie danych o świętach...
lip 29 22:47:04 dashboard-zero.urbinek.eu python3[203462]: [google_calendar][  INFO  ] Zakończono aktualizację danych o świętach.
lip 29 22:47:04 dashboard-zero.urbinek.eu python3[203462]: [google_calendar][  INFO  ] Aktualizowanie wydarzeń osobistych...
lip 29 22:47:05 dashboard-zero.urbinek.eu python3[203462]: [google_calendar][  INFO  ] Zakończono aktualizację wydarzeń osobistych.
lip 29 22:47:05 dashboard-zero.urbinek.eu python3[203462]: [google_calendar][  INFO  ] Budowanie siatki kalendarza...
lip 29 22:47:05 dashboard-zero.urbinek.eu python3[203462]: [google_calendar][  INFO  ] Zakończono budowanie siatki kalendarza.
lip 29 22:47:05 dashboard-zero.urbinek.eu python3[203462]: [      main     ][  INFO  ] Zakończono aktualizację wszystkich źródeł danych.
lip 29 22:47:05 dashboard-zero.urbinek.eu python3[203462]: [      main     ][  INFO  ] Oczekiwanie na zakończenie ekranu powitalnego...
lip 29 22:47:22 dashboard-zero.urbinek.eu python3[203462]: [ drawing_utils ][  INFO  ] Wczytywanie czcionek do pamięci podręcznej (pierwsze uruchomienie)...
lip 29 22:47:22 dashboard-zero.urbinek.eu python3[203462]: [ drawing_utils ][  INFO  ] Wszystkie czcionki wczytane pomyślnie.
lip 29 22:47:22 dashboard-zero.urbinek.eu python3[203462]: [ drawing_utils ][WARNING ] Plik SVG nie istnieje: /dev/shm/waveshare_dashboard/assets/logos/waveshare-large.svg
lip 29 22:47:22 dashboard-zero.urbinek.eu python3[203462]: [startup_screens][ ERROR  ] Wystąpił błąd podczas wyświetlania ekranu powitalnego: 'NoneType' object has no attribute 'width'
lip 29 22:47:22 dashboard-zero.urbinek.eu python3[203462]: Traceback (most recent call last):
lip 29 22:47:22 dashboard-zero.urbinek.eu python3[203462]:   File "/opt/waveshare-dashboard/modules/startup_screens.py", line 41, in display_splash_screen
lip 29 22:47:22 dashboard-zero.urbinek.eu python3[203462]:     img_x = (left_box_rect[2] - waveshare_logo.width) // 2
lip 29 22:47:22 dashboard-zero.urbinek.eu python3[203462]:                                 ^^^^^^^^^^^^^^^^^^^^
lip 29 22:47:22 dashboard-zero.urbinek.eu python3[203462]: AttributeError: 'NoneType' object has no attribute 'width'
lip 29 22:47:22 dashboard-zero.urbinek.eu python3[203462]: [      main     ][  INFO  ] Wykonywanie pierwszego, pełnego renderowania ekranu...
lip 29 22:47:22 dashboard-zero.urbinek.eu python3[203462]: [    display    ][  INFO  ] Generowanie nowego obrazu do pełnego odświeżenia.
lip 29 22:47:22 dashboard-zero.urbinek.eu python3[203462]: [    display    ][WARNING ] Nie można odczytać pliku /dev/shm/waveshare_dashboard/time.json: [Errno 2] No such file or directory: '/dev/shm/waveshare_dashboard/time.json'. Używam danych domyślnych.
lip 29 22:47:22 dashboard-zero.urbinek.eu python3[203462]: [    display    ][WARNING ] Nie można odczytać pliku /dev/shm/waveshare_dashboard/weather.json: [Errno 2] No such file or directory: '/dev/shm/waveshare_dashboard/weather.json'. Używam danych domyślnych.
lip 29 22:47:22 dashboard-zero.urbinek.eu python3[203462]: [    display    ][WARNING ] Nie można odczytać pliku /dev/shm/waveshare_dashboard/calendar.json: [Errno 2] No such file or directory: '/dev/shm/waveshare_dashboard/calendar.json'. Używam danych domyślnych.
lip 29 22:47:22 dashboard-zero.urbinek.eu python3[203462]: [ drawing_utils ][WARNING ] Plik SVG nie istnieje: /dev/shm/waveshare_dashboard/assets/weather_icons/mdi/weather-sunset-up.svg
lip 29 22:47:22 dashboard-zero.urbinek.eu python3[203462]: [ drawing_utils ][WARNING ] Plik SVG nie istnieje: /dev/shm/waveshare_dashboard/assets/weather_icons/mdi/weather-sunset-down.svg
lip 29 22:47:22 dashboard-zero.urbinek.eu python3[203462]: [ drawing_utils ][WARNING ] Plik SVG nie istnieje: mdi/help-circle-outline.svg
lip 29 22:47:22 dashboard-zero.urbinek.eu python3[203462]: [ drawing_utils ][WARNING ] Plik SVG nie istnieje: /dev/shm/waveshare_dashboard/assets/weather_icons/mdi/water-percent.svg
lip 29 22:47:22 dashboard-zero.urbinek.eu python3[203462]: [ drawing_utils ][WARNING ] Plik SVG nie istnieje: /dev/shm/waveshare_dashboard/assets/weather_icons/mdi/gauge.svg
lip 29 22:47:22 dashboard-zero.urbinek.eu python3[203462]: [    display    ][  INFO  ] Stosowanie przesunięcia pikseli o (0, 1) w celu ochrony ekranu.
lip 29 22:47:22 dashboard-zero.urbinek.eu python3[203462]: [    display    ][  INFO  ] Rozpoczynanie aktualizacji wyświetlacza (tryb: full).
lip 29 22:47:22 dashboard-zero.urbinek.eu python3[203462]: [    display    ][  INFO  ] Obracanie obrazu o 180 stopni.
lip 29 22:48:03 dashboard-zero.urbinek.eu python3[203462]: [    display    ][  INFO  ] Aktualizacja wyświetlacza (tryb: full) zakończona.
lip 29 22:48:03 dashboard-zero.urbinek.eu python3[203462]: [      main     ][  INFO  ] Pierwsze renderowanie zakończone.
lip 29 22:48:03 dashboard-zero.urbinek.eu python3[203462]: [      main     ][  INFO  ] --- Harmonogram uruchomiony. Aplikacja działa poprawnie. ---
lip 29 22:48:41 dashboard-zero.urbinek.eu systemd[1]: Stopping waveshare-dashboard.service - Waveshare E-Paper Dashboard Service...
lip 29 22:48:41 dashboard-zero.urbinek.eu systemd[1]: waveshare-dashboard.service: Deactivated successfully.
lip 29 22:48:41 dashboard-zero.urbinek.eu systemd[1]: Stopped waveshare-dashboard.service - Waveshare E-Paper Dashboard Service.
lip 29 22:48:41 dashboard-zero.urbinek.eu systemd[1]: waveshare-dashboard.service: Consumed 1min 4.652s CPU time.
lip 29 22:49:13 dashboard-zero.urbinek.eu systemd[1]: Started waveshare-dashboard.service - Waveshare E-Paper Dashboard Service.
lip 29 22:49:17 dashboard-zero.urbinek.eu python3[203610]: [      main     ][  INFO  ] Tryb --service aktywny, ograniczanie gadatliwych logów.
lip 29 22:49:17 dashboard-zero.urbinek.eu python3[203610]: [      main     ][  INFO  ] --- Inicjalizacja Dashboardu Waveshare ---
lip 29 22:49:17 dashboard-zero.urbinek.eu python3[203610]: [     layout    ][  INFO  ] Wczytywanie konfiguracji layoutu z pliku 'layout.yaml'...
lip 29 22:49:17 dashboard-zero.urbinek.eu python3[203610]: [     layout    ][  INFO  ] Konfiguracja layoutu wczytana pomyślnie.
lip 29 22:49:17 dashboard-zero.urbinek.eu python3[203610]: [      main     ][  INFO  ] Czyszczenie katalogu tymczasowego: /dev/shm/waveshare_dashboard
lip 29 22:49:17 dashboard-zero.urbinek.eu python3[203610]: [      main     ][  INFO  ] Katalog tymczasowy wyczyszczony i gotowy do użycia.
lip 29 22:49:17 dashboard-zero.urbinek.eu python3[203610]: [      main     ][  INFO  ] Kopiowanie zasobów z 'assets' do '/dev/shm/waveshare_dashboard/assets'...
lip 29 22:49:17 dashboard-zero.urbinek.eu python3[203610]: [      main     ][  INFO  ] Mapowanie ścieżek zasobów na katalog tymczasowy...
lip 29 22:49:17 dashboard-zero.urbinek.eu python3[203610]: [      main     ][  INFO  ] Rozpoczynanie aktualizacji wszystkich źródeł danych...
lip 29 22:49:17 dashboard-zero.urbinek.eu python3[203610]: [startup_screens][  INFO  ] Wyświetlanie ekranu powitalnego...
lip 29 22:49:17 dashboard-zero.urbinek.eu python3[203610]: [    weather    ][  INFO  ] Pobieranie danych pogodowych z API: https://danepubliczne.imgw.pl/api/data/synop
lip 29 22:49:17 dashboard-zero.urbinek.eu python3[203610]: [    weather    ][  INFO  ] Pomyślnie zaktualizowano i zapisano dane pogodowe.
lip 29 22:49:17 dashboard-zero.urbinek.eu python3[203610]: [google_calendar][  INFO  ] Uruchamianie pełnej aktualizacji danych kalendarza...
lip 29 22:49:17 dashboard-zero.urbinek.eu python3[203610]: [google_calendar][  INFO  ] Aktualizowanie danych o świętach...
lip 29 22:49:18 dashboard-zero.urbinek.eu python3[203610]: [google_calendar][  INFO  ] Zakończono aktualizację danych o świętach.
lip 29 22:49:18 dashboard-zero.urbinek.eu python3[203610]: [google_calendar][  INFO  ] Aktualizowanie wydarzeń osobistych...
lip 29 22:49:19 dashboard-zero.urbinek.eu python3[203610]: [google_calendar][  INFO  ] Zakończono aktualizację wydarzeń osobistych.
lip 29 22:49:19 dashboard-zero.urbinek.eu python3[203610]: [google_calendar][  INFO  ] Budowanie siatki kalendarza...
lip 29 22:49:19 dashboard-zero.urbinek.eu python3[203610]: [google_calendar][  INFO  ] Zakończono budowanie siatki kalendarza.
lip 29 22:49:19 dashboard-zero.urbinek.eu python3[203610]: [      main     ][  INFO  ] Zakończono aktualizację wszystkich źródeł danych.
lip 29 22:49:19 dashboard-zero.urbinek.eu python3[203610]: [      main     ][  INFO  ] Oczekiwanie na zakończenie ekranu powitalnego...
lip 29 22:49:37 dashboard-zero.urbinek.eu python3[203610]: [ drawing_utils ][  INFO  ] Wczytywanie czcionek do pamięci podręcznej (pierwsze uruchomienie)...
lip 29 22:49:37 dashboard-zero.urbinek.eu python3[203610]: [ drawing_utils ][  INFO  ] Wszystkie czcionki wczytane pomyślnie.
lip 29 22:49:37 dashboard-zero.urbinek.eu python3[203610]: [startup_screens][  INFO  ] Odwracanie kolorów ekranu powitalnego (czarne tło).
lip 29 22:49:37 dashboard-zero.urbinek.eu python3[203610]: [startup_screens][  INFO  ] Obracanie ekranu powitalnego o 180 stopni.
lip 29 22:49:56 dashboard-zero.urbinek.eu python3[203610]: [startup_screens][  INFO  ] Wyświetlanie ekranu powitalnego zakończone.
lip 29 22:49:56 dashboard-zero.urbinek.eu python3[203610]: [      main     ][  INFO  ] Wykonywanie pierwszego, pełnego renderowania ekranu...
lip 29 22:49:56 dashboard-zero.urbinek.eu python3[203610]: [    display    ][  INFO  ] Generowanie nowego obrazu do pełnego odświeżenia.
lip 29 22:49:56 dashboard-zero.urbinek.eu python3[203610]: [    display    ][  INFO  ] Stosowanie przesunięcia pikseli o (0, 1) w celu ochrony ekranu.
lip 29 22:49:56 dashboard-zero.urbinek.eu python3[203610]: [    display    ][  INFO  ] Rozpoczynanie aktualizacji wyświetlacza (tryb: full).
lip 29 22:49:56 dashboard-zero.urbinek.eu python3[203610]: [    display    ][  INFO  ] Obracanie obrazu o 180 stopni.
lip 29 22:50:37 dashboard-zero.urbinek.eu python3[203610]: [    display    ][  INFO  ] Aktualizacja wyświetlacza (tryb: full) zakończona.
lip 29 22:50:37 dashboard-zero.urbinek.eu python3[203610]: [      main     ][  INFO  ] Pierwsze renderowanie zakończone.
lip 29 22:50:37 dashboard-zero.urbinek.eu python3[203610]: [      main     ][  INFO  ] --- Harmonogram uruchomiony. Aplikacja działa poprawnie. ---
lip 29 23:00:05 dashboard-zero.urbinek.eu python3[203610]: [      main     ][  INFO  ] Rozpoczynanie cogodzinnej, standardowej aktualizacji danych i ekranu...
lip 29 23:00:05 dashboard-zero.urbinek.eu python3[203610]: [      main     ][  INFO  ] Rozpoczynanie aktualizacji wszystkich źródeł danych...
lip 29 23:00:05 dashboard-zero.urbinek.eu python3[203610]: [    weather    ][  INFO  ] Pobieranie danych pogodowych z API: https://danepubliczne.imgw.pl/api/data/synop
lip 29 23:00:05 dashboard-zero.urbinek.eu python3[203610]: [    weather    ][  INFO  ] Pomyślnie zaktualizowano i zapisano dane pogodowe.
lip 29 23:00:05 dashboard-zero.urbinek.eu python3[203610]: [google_calendar][  INFO  ] Uruchamianie pełnej aktualizacji danych kalendarza...
lip 29 23:00:05 dashboard-zero.urbinek.eu python3[203610]: [google_calendar][  INFO  ] Aktualizowanie danych o świętach...
lip 29 23:00:05 dashboard-zero.urbinek.eu python3[203610]: [google_calendar][  INFO  ] Odświeżanie wygasłego tokenu Google...
lip 29 23:00:06 dashboard-zero.urbinek.eu python3[203610]: [google_calendar][  INFO  ] Zakończono aktualizację danych o świętach.
lip 29 23:00:06 dashboard-zero.urbinek.eu python3[203610]: [google_calendar][  INFO  ] Aktualizowanie wydarzeń osobistych...
lip 29 23:00:07 dashboard-zero.urbinek.eu python3[203610]: [google_calendar][  INFO  ] Zakończono aktualizację wydarzeń osobistych.
lip 29 23:00:07 dashboard-zero.urbinek.eu python3[203610]: [google_calendar][  INFO  ] Budowanie siatki kalendarza...
lip 29 23:00:07 dashboard-zero.urbinek.eu python3[203610]: [google_calendar][  INFO  ] Zakończono budowanie siatki kalendarza.
lip 29 23:00:07 dashboard-zero.urbinek.eu python3[203610]: [      main     ][  INFO  ] Zakończono aktualizację wszystkich źródeł danych.
lip 29 23:00:07 dashboard-zero.urbinek.eu python3[203610]: [      main     ][  INFO  ] Wykonywanie standardowego odświeżenia ekranu.
lip 29 23:00:07 dashboard-zero.urbinek.eu python3[203610]: [    display    ][  INFO  ] Generowanie nowego obrazu do pełnego odświeżenia.
lip 29 23:00:16 dashboard-zero.urbinek.eu python3[203610]: [    display    ][  INFO  ] Rozpoczynanie aktualizacji wyświetlacza (tryb: full).
lip 29 23:00:38 dashboard-zero.urbinek.eu python3[203610]: [    display    ][  INFO  ] Aktualizacja wyświetlacza (tryb: full) zakończona.
lip 30 00:00:05 dashboard-zero.urbinek.eu python3[203610]: [      main     ][  INFO  ] Rozpoczynanie cogodzinnej, standardowej aktualizacji danych i ekranu...
lip 30 00:00:05 dashboard-zero.urbinek.eu python3[203610]: [      main     ][  INFO  ] Rozpoczynanie aktualizacji wszystkich źródeł danych...
lip 30 00:00:05 dashboard-zero.urbinek.eu python3[203610]: [    weather    ][  INFO  ] Pobieranie danych pogodowych z API: https://danepubliczne.imgw.pl/api/data/synop
lip 30 00:00:06 dashboard-zero.urbinek.eu python3[203610]: [    weather    ][  INFO  ] Pomyślnie zaktualizowano i zapisano dane pogodowe.
lip 30 00:00:06 dashboard-zero.urbinek.eu python3[203610]: [google_calendar][  INFO  ] Uruchamianie pełnej aktualizacji danych kalendarza...
lip 30 00:00:06 dashboard-zero.urbinek.eu python3[203610]: [google_calendar][  INFO  ] Aktualizowanie danych o świętach...
lip 30 00:00:06 dashboard-zero.urbinek.eu python3[203610]: [google_calendar][  INFO  ] Odświeżanie wygasłego tokenu Google...
lip 30 00:00:08 dashboard-zero.urbinek.eu python3[203610]: [google_calendar][  INFO  ] Zakończono aktualizację danych o świętach.
lip 30 00:00:08 dashboard-zero.urbinek.eu python3[203610]: [google_calendar][  INFO  ] Aktualizowanie wydarzeń osobistych...
lip 30 00:00:09 dashboard-zero.urbinek.eu python3[203610]: [google_calendar][  INFO  ] Zakończono aktualizację wydarzeń osobistych.
lip 30 00:00:09 dashboard-zero.urbinek.eu python3[203610]: [google_calendar][  INFO  ] Budowanie siatki kalendarza...
lip 30 00:00:09 dashboard-zero.urbinek.eu python3[203610]: [google_calendar][  INFO  ] Zakończono budowanie siatki kalendarza.
lip 30 00:00:09 dashboard-zero.urbinek.eu python3[203610]: [      main     ][  INFO  ] Zakończono aktualizację wszystkich źródeł danych.
lip 30 00:00:09 dashboard-zero.urbinek.eu python3[203610]: [      main     ][  INFO  ] Wykonywanie standardowego odświeżenia ekranu.
lip 30 00:00:09 dashboard-zero.urbinek.eu python3[203610]: [    display    ][  INFO  ] Generowanie nowego obrazu do pełnego odświeżenia.
lip 30 00:00:16 dashboard-zero.urbinek.eu python3[203610]: [    display    ][  INFO  ] Rozpoczynanie aktualizacji wyświetlacza (tryb: full).
lip 30 00:00:38 dashboard-zero.urbinek.eu python3[203610]: [    display    ][  INFO  ] Aktualizacja wyświetlacza (tryb: full) zakończona.
lip 30 01:00:05 dashboard-zero.urbinek.eu python3[203610]: [      main     ][  INFO  ] Rozpoczynanie cogodzinnej, standardowej aktualizacji danych i ekranu...
lip 30 01:00:05 dashboard-zero.urbinek.eu python3[203610]: [      main     ][  INFO  ] Rozpoczynanie aktualizacji wszystkich źródeł danych...
lip 30 01:00:05 dashboard-zero.urbinek.eu python3[203610]: [    weather    ][  INFO  ] Pobieranie danych pogodowych z API: https://danepubliczne.imgw.pl/api/data/synop
lip 30 01:00:06 dashboard-zero.urbinek.eu python3[203610]: [    weather    ][  INFO  ] Pomyślnie zaktualizowano i zapisano dane pogodowe.
lip 30 01:00:06 dashboard-zero.urbinek.eu python3[203610]: [google_calendar][  INFO  ] Uruchamianie pełnej aktualizacji danych kalendarza...
lip 30 01:00:06 dashboard-zero.urbinek.eu python3[203610]: [google_calendar][  INFO  ] Aktualizowanie danych o świętach...
lip 30 01:00:06 dashboard-zero.urbinek.eu python3[203610]: [google_calendar][  INFO  ] Odświeżanie wygasłego tokenu Google...
lip 30 01:00:07 dashboard-zero.urbinek.eu python3[203610]: [google_calendar][  INFO  ] Zakończono aktualizację danych o świętach.
lip 30 01:00:07 dashboard-zero.urbinek.eu python3[203610]: [google_calendar][  INFO  ] Aktualizowanie wydarzeń osobistych...
lip 30 01:00:08 dashboard-zero.urbinek.eu python3[203610]: [google_calendar][  INFO  ] Zakończono aktualizację wydarzeń osobistych.
lip 30 01:00:08 dashboard-zero.urbinek.eu python3[203610]: [google_calendar][  INFO  ] Budowanie siatki kalendarza...
lip 30 01:00:08 dashboard-zero.urbinek.eu python3[203610]: [google_calendar][  INFO  ] Zakończono budowanie siatki kalendarza.
lip 30 01:00:08 dashboard-zero.urbinek.eu python3[203610]: [      main     ][  INFO  ] Zakończono aktualizację wszystkich źródeł danych.
lip 30 01:00:08 dashboard-zero.urbinek.eu python3[203610]: [      main     ][  INFO  ] Wykonywanie standardowego odświeżenia ekranu.
lip 30 01:00:08 dashboard-zero.urbinek.eu python3[203610]: [    display    ][  INFO  ] Generowanie nowego obrazu do pełnego odświeżenia.
lip 30 01:00:16 dashboard-zero.urbinek.eu python3[203610]: [    display    ][  INFO  ] Rozpoczynanie aktualizacji wyświetlacza (tryb: full).
lip 30 01:00:38 dashboard-zero.urbinek.eu python3[203610]: [    display    ][  INFO  ] Aktualizacja wyświetlacza (tryb: full) zakończona.
lip 30 01:16:01 dashboard-zero.urbinek.eu python3[203610]: [    display    ][ ERROR  ] Brak zapisanych obrazów cache. Nie można wykonać częściowej aktualizacji. Zostanie ona wykonana przy następnym głównym cyklu.
lip 30 01:17:01 dashboard-zero.urbinek.eu python3[203610]: [    display    ][ ERROR  ] Brak zapisanych obrazów cache. Nie można wykonać częściowej aktualizacji. Zostanie ona wykonana przy następnym głównym cyklu.
lip 30 01:18:01 dashboard-zero.urbinek.eu python3[203610]: [    display    ][ ERROR  ] Brak zapisanych obrazów cache. Nie można wykonać częściowej aktualizacji. Zostanie ona wykonana przy następnym głównym cyklu.
lip 30 01:19:01 dashboard-zero.urbinek.eu python3[203610]: [    display    ][ ERROR  ] Brak zapisanych obrazów cache. Nie można wykonać częściowej aktualizacji. Zostanie ona wykonana przy następnym głównym cyklu.
lip 30 01:20:01 dashboard-zero.urbinek.eu python3[203610]: [    display    ][ ERROR  ] Brak zapisanych obrazów cache. Nie można wykonać częściowej aktualizacji. Zostanie ona wykonana przy następnym głównym cyklu.
lip 30 01:21:01 dashboard-zero.urbinek.eu python3[203610]: [    display    ][ ERROR  ] Brak zapisanych obrazów cache. Nie można wykonać częściowej aktualizacji. Zostanie ona wykonana przy następnym głównym cyklu.
lip 30 01:22:01 dashboard-zero.urbinek.eu python3[203610]: [    display    ][ ERROR  ] Brak zapisanych obrazów cache. Nie można wykonać częściowej aktualizacji. Zostanie ona wykonana przy następnym głównym cyklu.
lip 30 01:23:01 dashboard-zero.urbinek.eu python3[203610]: [    display    ][ ERROR  ] Brak zapisanych obrazów cache. Nie można wykonać częściowej aktualizacji. Zostanie ona wykonana przy następnym głównym cyklu.
lip 30 01:24:01 dashboard-zero.urbinek.eu python3[203610]: [    display    ][ ERROR  ] Brak zapisanych obrazów cache. Nie można wykonać częściowej aktualizacji. Zostanie ona wykonana przy następnym głównym cyklu.
lip 30 01:25:01 dashboard-zero.urbinek.eu python3[203610]: [    display    ][ ERROR  ] Brak zapisanych obrazów cache. Nie można wykonać częściowej aktualizacji. Zostanie ona wykonana przy następnym głównym cyklu.
lip 30 01:26:01 dashboard-zero.urbinek.eu python3[203610]: [    display    ][ ERROR  ] Brak zapisanych obrazów cache. Nie można wykonać częściowej aktualizacji. Zostanie ona wykonana przy następnym głównym cyklu.
lip 30 01:27:01 dashboard-zero.urbinek.eu python3[203610]: [    display    ][ ERROR  ] Brak zapisanych obrazów cache. Nie można wykonać częściowej aktualizacji. Zostanie ona wykonana przy następnym głównym cyklu.
lip 30 01:28:01 dashboard-zero.urbinek.eu python3[203610]: [    display    ][ ERROR  ] Brak zapisanych obrazów cache. Nie można wykonać częściowej aktualizacji. Zostanie ona wykonana przy następnym głównym cyklu.
lip 30 01:29:01 dashboard-zero.urbinek.eu python3[203610]: [    display    ][ ERROR  ] Brak zapisanych obrazów cache. Nie można wykonać częściowej aktualizacji. Zostanie ona wykonana przy następnym głównym cyklu.
lip 30 01:30:01 dashboard-zero.urbinek.eu python3[203610]: [    display    ][ ERROR  ] Brak zapisanych obrazów cache. Nie można wykonać częściowej aktualizacji. Zostanie ona wykonana przy następnym głównym cyklu.
lip 30 01:31:01 dashboard-zero.urbinek.eu python3[203610]: [    display    ][ ERROR  ] Brak zapisanych obrazów cache. Nie można wykonać częściowej aktualizacji. Zostanie ona wykonana przy następnym głównym cyklu.
lip 30 01:32:01 dashboard-zero.urbinek.eu python3[203610]: [    display    ][ ERROR  ] Brak zapisanych obrazów cache. Nie można wykonać częściowej aktualizacji. Zostanie ona wykonana przy następnym głównym cyklu.
lip 30 01:33:01 dashboard-zero.urbinek.eu python3[203610]: [    display    ][ ERROR  ] Brak zapisanych obrazów cache. Nie można wykonać częściowej aktualizacji. Zostanie ona wykonana przy następnym głównym cyklu.
lip 30 01:34:01 dashboard-zero.urbinek.eu python3[203610]: [    display    ][ ERROR  ] Brak zapisanych obrazów cache. Nie można wykonać częściowej aktualizacji. Zostanie ona wykonana przy następnym głównym cyklu.
lip 30 01:35:01 dashboard-zero.urbinek.eu python3[203610]: [    display    ][ ERROR  ] Brak zapisanych obrazów cache. Nie można wykonać częściowej aktualizacji. Zostanie ona wykonana przy następnym głównym cyklu.
lip 30 01:36:01 dashboard-zero.urbinek.eu python3[203610]: [    display    ][ ERROR  ] Brak zapisanych obrazów cache. Nie można wykonać częściowej aktualizacji. Zostanie ona wykonana przy następnym głównym cyklu.
lip 30 01:37:01 dashboard-zero.urbinek.eu python3[203610]: [    display    ][ ERROR  ] Brak zapisanych obrazów cache. Nie można wykonać częściowej aktualizacji. Zostanie ona wykonana przy następnym głównym cyklu.
lip 30 01:38:01 dashboard-zero.urbinek.eu python3[203610]: [    display    ][ ERROR  ] Brak zapisanych obrazów cache. Nie można wykonać częściowej aktualizacji. Zostanie ona wykonana przy następnym głównym cyklu.
lip 30 01:39:01 dashboard-zero.urbinek.eu python3[203610]: [    display    ][ ERROR  ] Brak zapisanych obrazów cache. Nie można wykonać częściowej aktualizacji. Zostanie ona wykonana przy następnym głównym cyklu.
lip 30 01:40:01 dashboard-zero.urbinek.eu python3[203610]: [    display    ][ ERROR  ] Brak zapisanych obrazów cache. Nie można wykonać częściowej aktualizacji. Zostanie ona wykonana przy następnym głównym cyklu.
lip 30 01:41:01 dashboard-zero.urbinek.eu python3[203610]: [    display    ][ ERROR  ] Brak zapisanych obrazów cache. Nie można wykonać częściowej aktualizacji. Zostanie ona wykonana przy następnym głównym cyklu.
lip 30 01:42:01 dashboard-zero.urbinek.eu python3[203610]: [    display    ][ ERROR  ] Brak zapisanych obrazów cache. Nie można wykonać częściowej aktualizacji. Zostanie ona wykonana przy następnym głównym cyklu.
lip 30 01:43:01 dashboard-zero.urbinek.eu python3[203610]: [    display    ][ ERROR  ] Brak zapisanych obrazów cache. Nie można wykonać częściowej aktualizacji. Zostanie ona wykonana przy następnym głównym cyklu.
lip 30 01:44:01 dashboard-zero.urbinek.eu python3[203610]: [    display    ][ ERROR  ] Brak zapisanych obrazów cache. Nie można wykonać częściowej aktualizacji. Zostanie ona wykonana przy następnym głównym cyklu.
lip 30 01:45:01 dashboard-zero.urbinek.eu python3[203610]: [    display    ][ ERROR  ] Brak zapisanych obrazów cache. Nie można wykonać częściowej aktualizacji. Zostanie ona wykonana przy następnym głównym cyklu.
lip 30 01:46:01 dashboard-zero.urbinek.eu python3[203610]: [    display    ][ ERROR  ] Brak zapisanych obrazów cache. Nie można wykonać częściowej aktualizacji. Zostanie ona wykonana przy następnym głównym cyklu.
lip 30 01:47:01 dashboard-zero.urbinek.eu python3[203610]: [    display    ][ ERROR  ] Brak zapisanych obrazów cache. Nie można wykonać częściowej aktualizacji. Zostanie ona wykonana przy następnym głównym cyklu.
lip 30 01:48:01 dashboard-zero.urbinek.eu python3[203610]: [    display    ][ ERROR  ] Brak zapisanych obrazów cache. Nie można wykonać częściowej aktualizacji. Zostanie ona wykonana przy następnym głównym cyklu.
lip 30 01:49:01 dashboard-zero.urbinek.eu python3[203610]: [    display    ][ ERROR  ] Brak zapisanych obrazów cache. Nie można wykonać częściowej aktualizacji. Zostanie ona wykonana przy następnym głównym cyklu.
lip 30 01:50:01 dashboard-zero.urbinek.eu python3[203610]: [    display    ][ ERROR  ] Brak zapisanych obrazów cache. Nie można wykonać częściowej aktualizacji. Zostanie ona wykonana przy następnym głównym cyklu.
lip 30 01:51:01 dashboard-zero.urbinek.eu python3[203610]: [    display    ][ ERROR  ] Brak zapisanych obrazów cache. Nie można wykonać częściowej aktualizacji. Zostanie ona wykonana przy następnym głównym cyklu.
lip 30 01:52:01 dashboard-zero.urbinek.eu python3[203610]: [    display    ][ ERROR  ] Brak zapisanych obrazów cache. Nie można wykonać częściowej aktualizacji. Zostanie ona wykonana przy następnym głównym cyklu.
lip 30 01:53:01 dashboard-zero.urbinek.eu python3[203610]: [    display    ][ ERROR  ] Brak zapisanych obrazów cache. Nie można wykonać częściowej aktualizacji. Zostanie ona wykonana przy następnym głównym cyklu.
lip 30 01:54:01 dashboard-zero.urbinek.eu python3[203610]: [    display    ][ ERROR  ] Brak zapisanych obrazów cache. Nie można wykonać częściowej aktualizacji. Zostanie ona wykonana przy następnym głównym cyklu.
lip 30 01:55:01 dashboard-zero.urbinek.eu python3[203610]: [    display    ][ ERROR  ] Brak zapisanych obrazów cache. Nie można wykonać częściowej aktualizacji. Zostanie ona wykonana przy następnym głównym cyklu.
lip 30 01:56:01 dashboard-zero.urbinek.eu python3[203610]: [    display    ][ ERROR  ] Brak zapisanych obrazów cache. Nie można wykonać częściowej aktualizacji. Zostanie ona wykonana przy następnym głównym cyklu.
lip 30 01:57:01 dashboard-zero.urbinek.eu python3[203610]: [    display    ][ ERROR  ] Brak zapisanych obrazów cache. Nie można wykonać częściowej aktualizacji. Zostanie ona wykonana przy następnym głównym cyklu.
lip 30 01:58:01 dashboard-zero.urbinek.eu python3[203610]: [    display    ][ ERROR  ] Brak zapisanych obrazów cache. Nie można wykonać częściowej aktualizacji. Zostanie ona wykonana przy następnym głównym cyklu.
lip 30 01:59:01 dashboard-zero.urbinek.eu python3[203610]: [    display    ][ ERROR  ] Brak zapisanych obrazów cache. Nie można wykonać częściowej aktualizacji. Zostanie ona wykonana przy następnym głównym cyklu.
lip 30 02:00:01 dashboard-zero.urbinek.eu python3[203610]: [    display    ][ ERROR  ] Brak zapisanych obrazów cache. Nie można wykonać częściowej aktualizacji. Zostanie ona wykonana przy następnym głównym cyklu.
lip 30 02:00:05 dashboard-zero.urbinek.eu python3[203610]: [      main     ][  INFO  ] Rozpoczynanie cogodzinnej, standardowej aktualizacji danych i ekranu...
lip 30 02:00:05 dashboard-zero.urbinek.eu python3[203610]: [      main     ][  INFO  ] Rozpoczynanie aktualizacji wszystkich źródeł danych...
lip 30 02:00:05 dashboard-zero.urbinek.eu python3[203610]: [    weather    ][  INFO  ] Pobieranie danych pogodowych z API: https://danepubliczne.imgw.pl/api/data/synop
lip 30 02:00:05 dashboard-zero.urbinek.eu python3[203610]: [    weather    ][WARNING ] Nie znaleziono ani preferowanej ('imgw/n/n2z70.svg') ani alternatywnej ikony. Używam ikony zastępczej.
lip 30 02:00:05 dashboard-zero.urbinek.eu python3[203610]: [    weather    ][  INFO  ] Pomyślnie zaktualizowano i zapisano dane pogodowe.
lip 30 02:00:05 dashboard-zero.urbinek.eu python3[203610]: [google_calendar][  INFO  ] Uruchamianie pełnej aktualizacji danych kalendarza...
lip 30 02:00:05 dashboard-zero.urbinek.eu python3[203610]: [google_calendar][  INFO  ] Aktualizowanie danych o świętach...
lip 30 02:00:05 dashboard-zero.urbinek.eu python3[203610]: [google_calendar][  INFO  ] Odświeżanie wygasłego tokenu Google...
lip 30 02:00:06 dashboard-zero.urbinek.eu python3[203610]: [google_calendar][  INFO  ] Zakończono aktualizację danych o świętach.
lip 30 02:00:06 dashboard-zero.urbinek.eu python3[203610]: [google_calendar][  INFO  ] Aktualizowanie wydarzeń osobistych...
lip 30 02:00:06 dashboard-zero.urbinek.eu python3[203610]: [google_calendar][  INFO  ] Zakończono aktualizację wydarzeń osobistych.
lip 30 02:00:06 dashboard-zero.urbinek.eu python3[203610]: [google_calendar][  INFO  ] Budowanie siatki kalendarza...
lip 30 02:00:07 dashboard-zero.urbinek.eu python3[203610]: [google_calendar][  INFO  ] Zakończono budowanie siatki kalendarza.
lip 30 02:00:07 dashboard-zero.urbinek.eu python3[203610]: [      main     ][  INFO  ] Zakończono aktualizację wszystkich źródeł danych.
lip 30 02:00:07 dashboard-zero.urbinek.eu python3[203610]: [      main     ][  INFO  ] Wykonywanie standardowego odświeżenia ekranu.
lip 30 02:00:07 dashboard-zero.urbinek.eu python3[203610]: [    display    ][  INFO  ] Generowanie nowego obrazu do pełnego odświeżenia.
lip 30 02:00:07 dashboard-zero.urbinek.eu python3[203610]: [ drawing_utils ][WARNING ] Plik SVG nie istnieje: /dev/shm/waveshare_dashboard/assets/mdi/help-circle-outline.svg
lip 30 02:00:07 dashboard-zero.urbinek.eu python3[203610]: [    display    ][  INFO  ] Rozpoczynanie aktualizacji wyświetlacza (tryb: full).
lip 30 02:00:28 dashboard-zero.urbinek.eu python3[203610]: [    display    ][  INFO  ] Aktualizacja wyświetlacza (tryb: full) zakończona.
lip 30 03:00:05 dashboard-zero.urbinek.eu python3[203610]: [      main     ][  INFO  ] Rozpoczynanie zaplanowanego, głębokiego odświeżenia ekranu (3:00 w nocy).
lip 30 03:00:05 dashboard-zero.urbinek.eu python3[203610]: [      main     ][  INFO  ] Rozpoczynanie aktualizacji wszystkich źródeł danych...
lip 30 03:00:05 dashboard-zero.urbinek.eu python3[203610]: [    weather    ][  INFO  ] Pobieranie danych pogodowych z API: https://danepubliczne.imgw.pl/api/data/synop
lip 30 03:00:06 dashboard-zero.urbinek.eu python3[203610]: [    weather    ][WARNING ] Nie znaleziono ani preferowanej ('imgw/n/n2z70.svg') ani alternatywnej ikony. Używam ikony zastępczej.
lip 30 03:00:06 dashboard-zero.urbinek.eu python3[203610]: [    weather    ][  INFO  ] Pomyślnie zaktualizowano i zapisano dane pogodowe.
lip 30 03:00:06 dashboard-zero.urbinek.eu python3[203610]: [google_calendar][  INFO  ] Uruchamianie pełnej aktualizacji danych kalendarza...
lip 30 03:00:06 dashboard-zero.urbinek.eu python3[203610]: [google_calendar][  INFO  ] Aktualizowanie danych o świętach...
lip 30 03:00:06 dashboard-zero.urbinek.eu python3[203610]: [google_calendar][  INFO  ] Odświeżanie wygasłego tokenu Google...
lip 30 03:00:07 dashboard-zero.urbinek.eu python3[203610]: [google_calendar][  INFO  ] Zakończono aktualizację danych o świętach.
lip 30 03:00:07 dashboard-zero.urbinek.eu python3[203610]: [google_calendar][  INFO  ] Aktualizowanie wydarzeń osobistych...
lip 30 03:00:08 dashboard-zero.urbinek.eu python3[203610]: [google_calendar][  INFO  ] Zakończono aktualizację wydarzeń osobistych.
lip 30 03:00:08 dashboard-zero.urbinek.eu python3[203610]: [google_calendar][  INFO  ] Budowanie siatki kalendarza...
lip 30 03:00:08 dashboard-zero.urbinek.eu python3[203610]: [google_calendar][  INFO  ] Zakończono budowanie siatki kalendarza.
lip 30 03:00:08 dashboard-zero.urbinek.eu python3[203610]: [      main     ][  INFO  ] Zakończono aktualizację wszystkich źródeł danych.
lip 30 03:00:08 dashboard-zero.urbinek.eu python3[203610]: [      main     ][  INFO  ] Wykonywanie pełnego, głębokiego odświeżenia z przesunięciem pikseli.
lip 30 03:00:08 dashboard-zero.urbinek.eu python3[203610]: [    display    ][  INFO  ] Generowanie nowego obrazu do pełnego odświeżenia.
lip 30 03:00:09 dashboard-zero.urbinek.eu python3[203610]: [    display    ][  INFO  ] Stosowanie przesunięcia pikseli o (2, -2) w celu ochrony ekranu.
lip 30 03:00:16 dashboard-zero.urbinek.eu python3[203610]: [    display    ][  INFO  ] Rozpoczynanie aktualizacji wyświetlacza (tryb: full).
lip 30 03:00:57 dashboard-zero.urbinek.eu python3[203610]: [    display    ][  INFO  ] Aktualizacja wyświetlacza (tryb: full) zakończona.
lip 30 04:00:05 dashboard-zero.urbinek.eu python3[203610]: [      main     ][  INFO  ] Rozpoczynanie cogodzinnej, standardowej aktualizacji danych i ekranu...
lip 30 04:00:05 dashboard-zero.urbinek.eu python3[203610]: [      main     ][  INFO  ] Rozpoczynanie aktualizacji wszystkich źródeł danych...
lip 30 04:00:05 dashboard-zero.urbinek.eu python3[203610]: [    weather    ][  INFO  ] Pobieranie danych pogodowych z API: https://danepubliczne.imgw.pl/api/data/synop
lip 30 04:00:05 dashboard-zero.urbinek.eu python3[203610]: [    weather    ][WARNING ] Nie znaleziono ani preferowanej ('imgw/n/n2z70.svg') ani alternatywnej ikony. Używam ikony zastępczej.
lip 30 04:00:05 dashboard-zero.urbinek.eu python3[203610]: [    weather    ][  INFO  ] Pomyślnie zaktualizowano i zapisano dane pogodowe.
lip 30 04:00:05 dashboard-zero.urbinek.eu python3[203610]: [google_calendar][  INFO  ] Uruchamianie pełnej aktualizacji danych kalendarza...
lip 30 04:00:05 dashboard-zero.urbinek.eu python3[203610]: [google_calendar][  INFO  ] Aktualizowanie danych o świętach...
lip 30 04:00:05 dashboard-zero.urbinek.eu python3[203610]: [google_calendar][  INFO  ] Odświeżanie wygasłego tokenu Google...
lip 30 04:00:06 dashboard-zero.urbinek.eu python3[203610]: [google_calendar][  INFO  ] Zakończono aktualizację danych o świętach.
lip 30 04:00:06 dashboard-zero.urbinek.eu python3[203610]: [google_calendar][  INFO  ] Aktualizowanie wydarzeń osobistych...
lip 30 04:00:07 dashboard-zero.urbinek.eu python3[203610]: [google_calendar][  INFO  ] Zakończono aktualizację wydarzeń osobistych.
lip 30 04:00:07 dashboard-zero.urbinek.eu python3[203610]: [google_calendar][  INFO  ] Budowanie siatki kalendarza...
lip 30 04:00:07 dashboard-zero.urbinek.eu python3[203610]: [google_calendar][  INFO  ] Zakończono budowanie siatki kalendarza.
lip 30 04:00:08 dashboard-zero.urbinek.eu python3[203610]: [      main     ][  INFO  ] Zakończono aktualizację wszystkich źródeł danych.
lip 30 04:00:08 dashboard-zero.urbinek.eu python3[203610]: [      main     ][  INFO  ] Wykonywanie standardowego odświeżenia ekranu.
lip 30 04:00:08 dashboard-zero.urbinek.eu python3[203610]: [    display    ][  INFO  ] Generowanie nowego obrazu do pełnego odświeżenia.
lip 30 04:00:16 dashboard-zero.urbinek.eu python3[203610]: [    display    ][  INFO  ] Rozpoczynanie aktualizacji wyświetlacza (tryb: full).
lip 30 04:00:38 dashboard-zero.urbinek.eu python3[203610]: [    display    ][  INFO  ] Aktualizacja wyświetlacza (tryb: full) zakończona.
lip 30 05:00:05 dashboard-zero.urbinek.eu python3[203610]: [      main     ][  INFO  ] Rozpoczynanie cogodzinnej, standardowej aktualizacji danych i ekranu...
lip 30 05:00:05 dashboard-zero.urbinek.eu python3[203610]: [      main     ][  INFO  ] Rozpoczynanie aktualizacji wszystkich źródeł danych...
lip 30 05:00:05 dashboard-zero.urbinek.eu python3[203610]: [    weather    ][  INFO  ] Pobieranie danych pogodowych z API: https://danepubliczne.imgw.pl/api/data/synop
lip 30 05:00:05 dashboard-zero.urbinek.eu python3[203610]: [    weather    ][WARNING ] Nie znaleziono ani preferowanej ('imgw/n/n2z70.svg') ani alternatywnej ikony. Używam ikony zastępczej.
lip 30 05:00:05 dashboard-zero.urbinek.eu python3[203610]: [    weather    ][  INFO  ] Pomyślnie zaktualizowano i zapisano dane pogodowe.
lip 30 05:00:05 dashboard-zero.urbinek.eu python3[203610]: [google_calendar][  INFO  ] Uruchamianie pełnej aktualizacji danych kalendarza...
lip 30 05:00:05 dashboard-zero.urbinek.eu python3[203610]: [google_calendar][  INFO  ] Aktualizowanie danych o świętach...
lip 30 05:00:05 dashboard-zero.urbinek.eu python3[203610]: [google_calendar][  INFO  ] Odświeżanie wygasłego tokenu Google...
lip 30 05:00:06 dashboard-zero.urbinek.eu python3[203610]: [google_calendar][  INFO  ] Zakończono aktualizację danych o świętach.
lip 30 05:00:06 dashboard-zero.urbinek.eu python3[203610]: [google_calendar][  INFO  ] Aktualizowanie wydarzeń osobistych...
lip 30 05:00:07 dashboard-zero.urbinek.eu python3[203610]: [google_calendar][  INFO  ] Zakończono aktualizację wydarzeń osobistych.
lip 30 05:00:07 dashboard-zero.urbinek.eu python3[203610]: [google_calendar][  INFO  ] Budowanie siatki kalendarza...
lip 30 05:00:08 dashboard-zero.urbinek.eu python3[203610]: [google_calendar][  INFO  ] Zakończono budowanie siatki kalendarza.
lip 30 05:00:08 dashboard-zero.urbinek.eu python3[203610]: [      main     ][  INFO  ] Zakończono aktualizację wszystkich źródeł danych.
lip 30 05:00:08 dashboard-zero.urbinek.eu python3[203610]: [      main     ][  INFO  ] Wykonywanie standardowego odświeżenia ekranu.
lip 30 05:00:08 dashboard-zero.urbinek.eu python3[203610]: [    display    ][  INFO  ] Generowanie nowego obrazu do pełnego odświeżenia.
lip 30 05:00:16 dashboard-zero.urbinek.eu python3[203610]: [    display    ][  INFO  ] Rozpoczynanie aktualizacji wyświetlacza (tryb: full).
lip 30 05:00:38 dashboard-zero.urbinek.eu python3[203610]: [    display    ][  INFO  ] Aktualizacja wyświetlacza (tryb: full) zakończona.
lip 30 06:00:05 dashboard-zero.urbinek.eu python3[203610]: [      main     ][  INFO  ] Rozpoczynanie cogodzinnej, standardowej aktualizacji danych i ekranu...
lip 30 06:00:05 dashboard-zero.urbinek.eu python3[203610]: [      main     ][  INFO  ] Rozpoczynanie aktualizacji wszystkich źródeł danych...
lip 30 06:00:05 dashboard-zero.urbinek.eu python3[203610]: [    weather    ][  INFO  ] Pobieranie danych pogodowych z API: https://danepubliczne.imgw.pl/api/data/synop
lip 30 06:00:06 dashboard-zero.urbinek.eu python3[203610]: [    weather    ][WARNING ] Nie znaleziono ani preferowanej ('imgw/d/n2z70.svg') ani alternatywnej ikony. Używam ikony zastępczej.
lip 30 06:00:06 dashboard-zero.urbinek.eu python3[203610]: [    weather    ][  INFO  ] Pomyślnie zaktualizowano i zapisano dane pogodowe.
lip 30 06:00:06 dashboard-zero.urbinek.eu python3[203610]: [google_calendar][  INFO  ] Uruchamianie pełnej aktualizacji danych kalendarza...
lip 30 06:00:06 dashboard-zero.urbinek.eu python3[203610]: [google_calendar][  INFO  ] Aktualizowanie danych o świętach...
lip 30 06:00:06 dashboard-zero.urbinek.eu python3[203610]: [google_calendar][  INFO  ] Odświeżanie wygasłego tokenu Google...
lip 30 06:00:07 dashboard-zero.urbinek.eu python3[203610]: [google_calendar][  INFO  ] Zakończono aktualizację danych o świętach.
lip 30 06:00:07 dashboard-zero.urbinek.eu python3[203610]: [google_calendar][  INFO  ] Aktualizowanie wydarzeń osobistych...
lip 30 06:00:08 dashboard-zero.urbinek.eu python3[203610]: [google_calendar][  INFO  ] Zakończono aktualizację wydarzeń osobistych.
lip 30 06:00:08 dashboard-zero.urbinek.eu python3[203610]: [google_calendar][  INFO  ] Budowanie siatki kalendarza...
lip 30 06:00:08 dashboard-zero.urbinek.eu python3[203610]: [google_calendar][  INFO  ] Zakończono budowanie siatki kalendarza.
lip 30 06:00:08 dashboard-zero.urbinek.eu python3[203610]: [      main     ][  INFO  ] Zakończono aktualizację wszystkich źródeł danych.
lip 30 06:00:08 dashboard-zero.urbinek.eu python3[203610]: [      main     ][  INFO  ] Wykonywanie standardowego odświeżenia ekranu.
lip 30 06:00:08 dashboard-zero.urbinek.eu python3[203610]: [    display    ][  INFO  ] Generowanie nowego obrazu do pełnego odświeżenia.
lip 30 06:00:16 dashboard-zero.urbinek.eu python3[203610]: [    display    ][  INFO  ] Rozpoczynanie aktualizacji wyświetlacza (tryb: full).
lip 30 06:00:38 dashboard-zero.urbinek.eu python3[203610]: [    display    ][  INFO  ] Aktualizacja wyświetlacza (tryb: full) zakończona.
lip 30 07:00:05 dashboard-zero.urbinek.eu python3[203610]: [      main     ][  INFO  ] Rozpoczynanie cogodzinnej, standardowej aktualizacji danych i ekranu...
lip 30 07:00:05 dashboard-zero.urbinek.eu python3[203610]: [      main     ][  INFO  ] Rozpoczynanie aktualizacji wszystkich źródeł danych...
lip 30 07:00:05 dashboard-zero.urbinek.eu python3[203610]: [    weather    ][  INFO  ] Pobieranie danych pogodowych z API: https://danepubliczne.imgw.pl/api/data/synop
lip 30 07:00:05 dashboard-zero.urbinek.eu python3[203610]: [    weather    ][WARNING ] Nie znaleziono ani preferowanej ('imgw/d/n2z70.svg') ani alternatywnej ikony. Używam ikony zastępczej.
lip 30 07:00:05 dashboard-zero.urbinek.eu python3[203610]: [    weather    ][  INFO  ] Pomyślnie zaktualizowano i zapisano dane pogodowe.
lip 30 07:00:05 dashboard-zero.urbinek.eu python3[203610]: [google_calendar][  INFO  ] Uruchamianie pełnej aktualizacji danych kalendarza...
lip 30 07:00:05 dashboard-zero.urbinek.eu python3[203610]: [google_calendar][  INFO  ] Aktualizowanie danych o świętach...
lip 30 07:00:05 dashboard-zero.urbinek.eu python3[203610]: [google_calendar][  INFO  ] Odświeżanie wygasłego tokenu Google...
lip 30 07:00:07 dashboard-zero.urbinek.eu python3[203610]: [google_calendar][  INFO  ] Zakończono aktualizację danych o świętach.
lip 30 07:00:07 dashboard-zero.urbinek.eu python3[203610]: [google_calendar][  INFO  ] Aktualizowanie wydarzeń osobistych...
lip 30 07:00:08 dashboard-zero.urbinek.eu python3[203610]: [google_calendar][  INFO  ] Zakończono aktualizację wydarzeń osobistych.
lip 30 07:00:08 dashboard-zero.urbinek.eu python3[203610]: [google_calendar][  INFO  ] Budowanie siatki kalendarza...
lip 30 07:00:08 dashboard-zero.urbinek.eu python3[203610]: [google_calendar][  INFO  ] Zakończono budowanie siatki kalendarza.
lip 30 07:00:08 dashboard-zero.urbinek.eu python3[203610]: [      main     ][  INFO  ] Zakończono aktualizację wszystkich źródeł danych.
lip 30 07:00:08 dashboard-zero.urbinek.eu python3[203610]: [      main     ][  INFO  ] Wykonywanie standardowego odświeżenia ekranu.
lip 30 07:00:08 dashboard-zero.urbinek.eu python3[203610]: [    display    ][  INFO  ] Generowanie nowego obrazu do pełnego odświeżenia.
lip 30 07:00:16 dashboard-zero.urbinek.eu python3[203610]: [    display    ][  INFO  ] Rozpoczynanie aktualizacji wyświetlacza (tryb: full).
lip 30 07:00:38 dashboard-zero.urbinek.eu python3[203610]: [    display    ][  INFO  ] Aktualizacja wyświetlacza (tryb: full) zakończona.
lip 30 08:00:05 dashboard-zero.urbinek.eu python3[203610]: [      main     ][  INFO  ] Rozpoczynanie cogodzinnej, standardowej aktualizacji danych i ekranu...
lip 30 08:00:05 dashboard-zero.urbinek.eu python3[203610]: [      main     ][  INFO  ] Rozpoczynanie aktualizacji wszystkich źródeł danych...
lip 30 08:00:05 dashboard-zero.urbinek.eu python3[203610]: [    weather    ][  INFO  ] Pobieranie danych pogodowych z API: https://danepubliczne.imgw.pl/api/data/synop
lip 30 08:00:05 dashboard-zero.urbinek.eu python3[203610]: [    weather    ][WARNING ] Nie znaleziono ani preferowanej ('imgw/d/n2z70.svg') ani alternatywnej ikony. Używam ikony zastępczej.
lip 30 08:00:05 dashboard-zero.urbinek.eu python3[203610]: [    weather    ][  INFO  ] Pomyślnie zaktualizowano i zapisano dane pogodowe.
lip 30 08:00:05 dashboard-zero.urbinek.eu python3[203610]: [google_calendar][  INFO  ] Uruchamianie pełnej aktualizacji danych kalendarza...
lip 30 08:00:05 dashboard-zero.urbinek.eu python3[203610]: [google_calendar][  INFO  ] Aktualizowanie danych o świętach...
lip 30 08:00:05 dashboard-zero.urbinek.eu python3[203610]: [google_calendar][  INFO  ] Odświeżanie wygasłego tokenu Google...
lip 30 08:00:06 dashboard-zero.urbinek.eu python3[203610]: [google_calendar][  INFO  ] Zakończono aktualizację danych o świętach.
lip 30 08:00:06 dashboard-zero.urbinek.eu python3[203610]: [google_calendar][  INFO  ] Aktualizowanie wydarzeń osobistych...
lip 30 08:00:08 dashboard-zero.urbinek.eu python3[203610]: [google_calendar][  INFO  ] Zakończono aktualizację wydarzeń osobistych.
lip 30 08:00:08 dashboard-zero.urbinek.eu python3[203610]: [google_calendar][  INFO  ] Budowanie siatki kalendarza...
lip 30 08:00:08 dashboard-zero.urbinek.eu python3[203610]: [google_calendar][  INFO  ] Zakończono budowanie siatki kalendarza.
lip 30 08:00:08 dashboard-zero.urbinek.eu python3[203610]: [      main     ][  INFO  ] Zakończono aktualizację wszystkich źródeł danych.
lip 30 08:00:08 dashboard-zero.urbinek.eu python3[203610]: [      main     ][  INFO  ] Wykonywanie standardowego odświeżenia ekranu.
lip 30 08:00:08 dashboard-zero.urbinek.eu python3[203610]: [    display    ][  INFO  ] Generowanie nowego obrazu do pełnego odświeżenia.
lip 30 08:00:16 dashboard-zero.urbinek.eu python3[203610]: [    display    ][  INFO  ] Rozpoczynanie aktualizacji wyświetlacza (tryb: full).
lip 30 08:00:38 dashboard-zero.urbinek.eu python3[203610]: [    display    ][  INFO  ] Aktualizacja wyświetlacza (tryb: full) zakończona.
lip 30 09:00:05 dashboard-zero.urbinek.eu python3[203610]: [      main     ][  INFO  ] Rozpoczynanie cogodzinnej, standardowej aktualizacji danych i ekranu...
lip 30 09:00:05 dashboard-zero.urbinek.eu python3[203610]: [      main     ][  INFO  ] Rozpoczynanie aktualizacji wszystkich źródeł danych...
lip 30 09:00:05 dashboard-zero.urbinek.eu python3[203610]: [    weather    ][  INFO  ] Pobieranie danych pogodowych z API: https://danepubliczne.imgw.pl/api/data/synop
lip 30 09:00:05 dashboard-zero.urbinek.eu python3[203610]: [    weather    ][WARNING ] Nie znaleziono ani preferowanej ('imgw/d/n0z80.svg') ani alternatywnej ikony. Używam ikony zastępczej.
lip 30 09:00:05 dashboard-zero.urbinek.eu python3[203610]: [    weather    ][  INFO  ] Pomyślnie zaktualizowano i zapisano dane pogodowe.
lip 30 09:00:05 dashboard-zero.urbinek.eu python3[203610]: [google_calendar][  INFO  ] Uruchamianie pełnej aktualizacji danych kalendarza...
lip 30 09:00:05 dashboard-zero.urbinek.eu python3[203610]: [google_calendar][  INFO  ] Aktualizowanie danych o świętach...
lip 30 09:00:05 dashboard-zero.urbinek.eu python3[203610]: [google_calendar][  INFO  ] Odświeżanie wygasłego tokenu Google...
lip 30 09:00:07 dashboard-zero.urbinek.eu python3[203610]: [google_calendar][  INFO  ] Zakończono aktualizację danych o świętach.
lip 30 09:00:07 dashboard-zero.urbinek.eu python3[203610]: [google_calendar][  INFO  ] Aktualizowanie wydarzeń osobistych...
lip 30 09:00:08 dashboard-zero.urbinek.eu python3[203610]: [google_calendar][  INFO  ] Zakończono aktualizację wydarzeń osobistych.
lip 30 09:00:08 dashboard-zero.urbinek.eu python3[203610]: [google_calendar][  INFO  ] Budowanie siatki kalendarza...
lip 30 09:00:08 dashboard-zero.urbinek.eu python3[203610]: [google_calendar][  INFO  ] Zakończono budowanie siatki kalendarza.
lip 30 09:00:08 dashboard-zero.urbinek.eu python3[203610]: [      main     ][  INFO  ] Zakończono aktualizację wszystkich źródeł danych.
lip 30 09:00:08 dashboard-zero.urbinek.eu python3[203610]: [      main     ][  INFO  ] Wykonywanie standardowego odświeżenia ekranu.
lip 30 09:00:08 dashboard-zero.urbinek.eu python3[203610]: [    display    ][  INFO  ] Generowanie nowego obrazu do pełnego odświeżenia.
lip 30 09:00:16 dashboard-zero.urbinek.eu python3[203610]: [    display    ][  INFO  ] Rozpoczynanie aktualizacji wyświetlacza (tryb: full).
lip 30 09:00:38 dashboard-zero.urbinek.eu python3[203610]: [    display    ][  INFO  ] Aktualizacja wyświetlacza (tryb: full) zakończona.
lip 30 10:00:05 dashboard-zero.urbinek.eu python3[203610]: [      main     ][  INFO  ] Rozpoczynanie cogodzinnej, standardowej aktualizacji danych i ekranu...
lip 30 10:00:05 dashboard-zero.urbinek.eu python3[203610]: [      main     ][  INFO  ] Rozpoczynanie aktualizacji wszystkich źródeł danych...
lip 30 10:00:05 dashboard-zero.urbinek.eu python3[203610]: [    weather    ][  INFO  ] Pobieranie danych pogodowych z API: https://danepubliczne.imgw.pl/api/data/synop
lip 30 10:00:05 dashboard-zero.urbinek.eu python3[203610]: [    weather    ][WARNING ] Nie znaleziono ani preferowanej ('imgw/d/n0z80.svg') ani alternatywnej ikony. Używam ikony zastępczej.
lip 30 10:00:05 dashboard-zero.urbinek.eu python3[203610]: [    weather    ][  INFO  ] Pomyślnie zaktualizowano i zapisano dane pogodowe.
lip 30 10:00:05 dashboard-zero.urbinek.eu python3[203610]: [google_calendar][  INFO  ] Uruchamianie pełnej aktualizacji danych kalendarza...
lip 30 10:00:05 dashboard-zero.urbinek.eu python3[203610]: [google_calendar][  INFO  ] Aktualizowanie danych o świętach...
lip 30 10:00:05 dashboard-zero.urbinek.eu python3[203610]: [google_calendar][  INFO  ] Odświeżanie wygasłego tokenu Google...
lip 30 10:00:06 dashboard-zero.urbinek.eu python3[203610]: [google_calendar][  INFO  ] Zakończono aktualizację danych o świętach.
lip 30 10:00:06 dashboard-zero.urbinek.eu python3[203610]: [google_calendar][  INFO  ] Aktualizowanie wydarzeń osobistych...
lip 30 10:00:07 dashboard-zero.urbinek.eu python3[203610]: [google_calendar][  INFO  ] Zakończono aktualizację wydarzeń osobistych.
lip 30 10:00:07 dashboard-zero.urbinek.eu python3[203610]: [google_calendar][  INFO  ] Budowanie siatki kalendarza...
lip 30 10:00:07 dashboard-zero.urbinek.eu python3[203610]: [google_calendar][  INFO  ] Zakończono budowanie siatki kalendarza.
lip 30 10:00:07 dashboard-zero.urbinek.eu python3[203610]: [      main     ][  INFO  ] Zakończono aktualizację wszystkich źródeł danych.
lip 30 10:00:07 dashboard-zero.urbinek.eu python3[203610]: [      main     ][  INFO  ] Wykonywanie standardowego odświeżenia ekranu.
lip 30 10:00:07 dashboard-zero.urbinek.eu python3[203610]: [    display    ][  INFO  ] Generowanie nowego obrazu do pełnego odświeżenia.
lip 30 10:00:16 dashboard-zero.urbinek.eu python3[203610]: [    display    ][  INFO  ] Rozpoczynanie aktualizacji wyświetlacza (tryb: full).
lip 30 10:00:38 dashboard-zero.urbinek.eu python3[203610]: [    display    ][  INFO  ] Aktualizacja wyświetlacza (tryb: full) zakończona.
lip 30 11:00:05 dashboard-zero.urbinek.eu python3[203610]: [      main     ][  INFO  ] Rozpoczynanie cogodzinnej, standardowej aktualizacji danych i ekranu...
lip 30 11:00:05 dashboard-zero.urbinek.eu python3[203610]: [      main     ][  INFO  ] Rozpoczynanie aktualizacji wszystkich źródeł danych...
lip 30 11:00:05 dashboard-zero.urbinek.eu python3[203610]: [    weather    ][  INFO  ] Pobieranie danych pogodowych z API: https://danepubliczne.imgw.pl/api/data/synop
lip 30 11:00:06 dashboard-zero.urbinek.eu python3[203610]: [    weather    ][WARNING ] Nie znaleziono ani preferowanej ('imgw/d/n0z80.svg') ani alternatywnej ikony. Używam ikony zastępczej.
lip 30 11:00:06 dashboard-zero.urbinek.eu python3[203610]: [    weather    ][  INFO  ] Pomyślnie zaktualizowano i zapisano dane pogodowe.
lip 30 11:00:06 dashboard-zero.urbinek.eu python3[203610]: [google_calendar][  INFO  ] Uruchamianie pełnej aktualizacji danych kalendarza...
lip 30 11:00:06 dashboard-zero.urbinek.eu python3[203610]: [google_calendar][  INFO  ] Aktualizowanie danych o świętach...
lip 30 11:00:06 dashboard-zero.urbinek.eu python3[203610]: [google_calendar][  INFO  ] Odświeżanie wygasłego tokenu Google...
lip 30 11:00:07 dashboard-zero.urbinek.eu python3[203610]: [google_calendar][  INFO  ] Zakończono aktualizację danych o świętach.
lip 30 11:00:07 dashboard-zero.urbinek.eu python3[203610]: [google_calendar][  INFO  ] Aktualizowanie wydarzeń osobistych...
lip 30 11:00:08 dashboard-zero.urbinek.eu python3[203610]: [google_calendar][  INFO  ] Zakończono aktualizację wydarzeń osobistych.
lip 30 11:00:08 dashboard-zero.urbinek.eu python3[203610]: [google_calendar][  INFO  ] Budowanie siatki kalendarza...
lip 30 11:00:08 dashboard-zero.urbinek.eu python3[203610]: [google_calendar][  INFO  ] Zakończono budowanie siatki kalendarza.
lip 30 11:00:08 dashboard-zero.urbinek.eu python3[203610]: [      main     ][  INFO  ] Zakończono aktualizację wszystkich źródeł danych.
lip 30 11:00:08 dashboard-zero.urbinek.eu python3[203610]: [      main     ][  INFO  ] Wykonywanie standardowego odświeżenia ekranu.
lip 30 11:00:08 dashboard-zero.urbinek.eu python3[203610]: [    display    ][  INFO  ] Generowanie nowego obrazu do pełnego odświeżenia.
lip 30 11:00:16 dashboard-zero.urbinek.eu python3[203610]: [    display    ][  INFO  ] Rozpoczynanie aktualizacji wyświetlacza (tryb: full).
lip 30 11:00:38 dashboard-zero.urbinek.eu python3[203610]: [    display    ][  INFO  ] Aktualizacja wyświetlacza (tryb: full) zakończona.
lip 30 12:00:05 dashboard-zero.urbinek.eu python3[203610]: [      main     ][  INFO  ] Rozpoczynanie cogodzinnej, standardowej aktualizacji danych i ekranu...
lip 30 12:00:05 dashboard-zero.urbinek.eu python3[203610]: [      main     ][  INFO  ] Rozpoczynanie aktualizacji wszystkich źródeł danych...
lip 30 12:00:05 dashboard-zero.urbinek.eu python3[203610]: [    weather    ][  INFO  ] Pobieranie danych pogodowych z API: https://danepubliczne.imgw.pl/api/data/synop
lip 30 12:00:05 dashboard-zero.urbinek.eu python3[203610]: [    weather    ][WARNING ] Nie znaleziono ani preferowanej ('imgw/d/n0z80.svg') ani alternatywnej ikony. Używam ikony zastępczej.
lip 30 12:00:05 dashboard-zero.urbinek.eu python3[203610]: [    weather    ][  INFO  ] Pomyślnie zaktualizowano i zapisano dane pogodowe.
lip 30 12:00:05 dashboard-zero.urbinek.eu python3[203610]: [google_calendar][  INFO  ] Uruchamianie pełnej aktualizacji danych kalendarza...
lip 30 12:00:05 dashboard-zero.urbinek.eu python3[203610]: [google_calendar][  INFO  ] Aktualizowanie danych o świętach...
lip 30 12:00:05 dashboard-zero.urbinek.eu python3[203610]: [google_calendar][  INFO  ] Odświeżanie wygasłego tokenu Google...
lip 30 12:00:06 dashboard-zero.urbinek.eu python3[203610]: [google_calendar][  INFO  ] Zakończono aktualizację danych o świętach.
lip 30 12:00:06 dashboard-zero.urbinek.eu python3[203610]: [google_calendar][  INFO  ] Aktualizowanie wydarzeń osobistych...
lip 30 12:00:08 dashboard-zero.urbinek.eu python3[203610]: [google_calendar][  INFO  ] Zakończono aktualizację wydarzeń osobistych.
lip 30 12:00:08 dashboard-zero.urbinek.eu python3[203610]: [google_calendar][  INFO  ] Budowanie siatki kalendarza...
lip 30 12:00:08 dashboard-zero.urbinek.eu python3[203610]: [google_calendar][  INFO  ] Zakończono budowanie siatki kalendarza.
lip 30 12:00:08 dashboard-zero.urbinek.eu python3[203610]: [      main     ][  INFO  ] Zakończono aktualizację wszystkich źródeł danych.
lip 30 12:00:08 dashboard-zero.urbinek.eu python3[203610]: [      main     ][  INFO  ] Wykonywanie standardowego odświeżenia ekranu.
lip 30 12:00:08 dashboard-zero.urbinek.eu python3[203610]: [    display    ][  INFO  ] Generowanie nowego obrazu do pełnego odświeżenia.
lip 30 12:00:16 dashboard-zero.urbinek.eu python3[203610]: [    display    ][  INFO  ] Rozpoczynanie aktualizacji wyświetlacza (tryb: full).
lip 30 12:00:38 dashboard-zero.urbinek.eu python3[203610]: [    display    ][  INFO  ] Aktualizacja wyświetlacza (tryb: full) zakończona.
lip 30 12:18:01 dashboard-zero.urbinek.eu python3[203610]: [    display    ][ ERROR  ] Brak zapisanych obrazów cache. Nie można wykonać częściowej aktualizacji. Zostanie ona wykonana przy następnym głównym cyklu.
lip 30 12:19:01 dashboard-zero.urbinek.eu python3[203610]: [    display    ][ ERROR  ] Brak zapisanych obrazów cache. Nie można wykonać częściowej aktualizacji. Zostanie ona wykonana przy następnym głównym cyklu.
lip 30 12:20:01 dashboard-zero.urbinek.eu python3[203610]: [    display    ][ ERROR  ] Brak zapisanych obrazów cache. Nie można wykonać częściowej aktualizacji. Zostanie ona wykonana przy następnym głównym cyklu.
lip 30 12:21:01 dashboard-zero.urbinek.eu python3[203610]: [    display    ][ ERROR  ] Brak zapisanych obrazów cache. Nie można wykonać częściowej aktualizacji. Zostanie ona wykonana przy następnym głównym cyklu.
lip 30 12:22:01 dashboard-zero.urbinek.eu python3[203610]: [    display    ][ ERROR  ] Brak zapisanych obrazów cache. Nie można wykonać częściowej aktualizacji. Zostanie ona wykonana przy następnym głównym cyklu.
lip 30 12:23:01 dashboard-zero.urbinek.eu python3[203610]: [    display    ][ ERROR  ] Brak zapisanych obrazów cache. Nie można wykonać częściowej aktualizacji. Zostanie ona wykonana przy następnym głównym cyklu.
lip 30 12:24:01 dashboard-zero.urbinek.eu python3[203610]: [    display    ][ ERROR  ] Brak zapisanych obrazów cache. Nie można wykonać częściowej aktualizacji. Zostanie ona wykonana przy następnym głównym cyklu.
lip 30 12:25:01 dashboard-zero.urbinek.eu python3[203610]: [    display    ][ ERROR  ] Brak zapisanych obrazów cache. Nie można wykonać częściowej aktualizacji. Zostanie ona wykonana przy następnym głównym cyklu.
lip 30 12:26:01 dashboard-zero.urbinek.eu python3[203610]: [    display    ][ ERROR  ] Brak zapisanych obrazów cache. Nie można wykonać częściowej aktualizacji. Zostanie ona wykonana przy następnym głównym cyklu.
lip 30 12:27:01 dashboard-zero.urbinek.eu python3[203610]: [    display    ][ ERROR  ] Brak zapisanych obrazów cache. Nie można wykonać częściowej aktualizacji. Zostanie ona wykonana przy następnym głównym cyklu.
lip 30 12:28:01 dashboard-zero.urbinek.eu python3[203610]: [    display    ][ ERROR  ] Brak zapisanych obrazów cache. Nie można wykonać częściowej aktualizacji. Zostanie ona wykonana przy następnym głównym cyklu.
lip 30 12:29:01 dashboard-zero.urbinek.eu python3[203610]: [    display    ][ ERROR  ] Brak zapisanych obrazów cache. Nie można wykonać częściowej aktualizacji. Zostanie ona wykonana przy następnym głównym cyklu.
lip 30 12:30:01 dashboard-zero.urbinek.eu python3[203610]: [    display    ][ ERROR  ] Brak zapisanych obrazów cache. Nie można wykonać częściowej aktualizacji. Zostanie ona wykonana przy następnym głównym cyklu.
lip 30 12:31:01 dashboard-zero.urbinek.eu python3[203610]: [    display    ][ ERROR  ] Brak zapisanych obrazów cache. Nie można wykonać częściowej aktualizacji. Zostanie ona wykonana przy następnym głównym cyklu.
lip 30 12:32:01 dashboard-zero.urbinek.eu python3[203610]: [    display    ][ ERROR  ] Brak zapisanych obrazów cache. Nie można wykonać częściowej aktualizacji. Zostanie ona wykonana przy następnym głównym cyklu.
lip 30 12:33:01 dashboard-zero.urbinek.eu python3[203610]: [    display    ][ ERROR  ] Brak zapisanych obrazów cache. Nie można wykonać częściowej aktualizacji. Zostanie ona wykonana przy następnym głównym cyklu.
lip 30 12:34:01 dashboard-zero.urbinek.eu python3[203610]: [    display    ][ ERROR  ] Brak zapisanych obrazów cache. Nie można wykonać częściowej aktualizacji. Zostanie ona wykonana przy następnym głównym cyklu.
lip 30 12:35:01 dashboard-zero.urbinek.eu python3[203610]: [    display    ][ ERROR  ] Brak zapisanych obrazów cache. Nie można wykonać częściowej aktualizacji. Zostanie ona wykonana przy następnym głównym cyklu.
lip 30 12:36:01 dashboard-zero.urbinek.eu python3[203610]: [    display    ][ ERROR  ] Brak zapisanych obrazów cache. Nie można wykonać częściowej aktualizacji. Zostanie ona wykonana przy następnym głównym cyklu.
lip 30 12:37:01 dashboard-zero.urbinek.eu python3[203610]: [    display    ][ ERROR  ] Brak zapisanych obrazów cache. Nie można wykonać częściowej aktualizacji. Zostanie ona wykonana przy następnym głównym cyklu.
lip 30 12:38:01 dashboard-zero.urbinek.eu python3[203610]: [    display    ][ ERROR  ] Brak zapisanych obrazów cache. Nie można wykonać częściowej aktualizacji. Zostanie ona wykonana przy następnym głównym cyklu.
lip 30 12:39:01 dashboard-zero.urbinek.eu python3[203610]: [    display    ][ ERROR  ] Brak zapisanych obrazów cache. Nie można wykonać częściowej aktualizacji. Zostanie ona wykonana przy następnym głównym cyklu.
lip 30 12:40:01 dashboard-zero.urbinek.eu python3[203610]: [    display    ][ ERROR  ] Brak zapisanych obrazów cache. Nie można wykonać częściowej aktualizacji. Zostanie ona wykonana przy następnym głównym cyklu.
lip 30 12:41:01 dashboard-zero.urbinek.eu python3[203610]: [    display    ][ ERROR  ] Brak zapisanych obrazów cache. Nie można wykonać częściowej aktualizacji. Zostanie ona wykonana przy następnym głównym cyklu.
lip 30 12:42:01 dashboard-zero.urbinek.eu python3[203610]: [    display    ][ ERROR  ] Brak zapisanych obrazów cache. Nie można wykonać częściowej aktualizacji. Zostanie ona wykonana przy następnym głównym cyklu.
lip 30 12:43:01 dashboard-zero.urbinek.eu python3[203610]: [    display    ][ ERROR  ] Brak zapisanych obrazów cache. Nie można wykonać częściowej aktualizacji. Zostanie ona wykonana przy następnym głównym cyklu.
lip 30 12:44:01 dashboard-zero.urbinek.eu python3[203610]: [    display    ][ ERROR  ] Brak zapisanych obrazów cache. Nie można wykonać częściowej aktualizacji. Zostanie ona wykonana przy następnym głównym cyklu.
lip 30 12:45:01 dashboard-zero.urbinek.eu python3[203610]: [    display    ][ ERROR  ] Brak zapisanych obrazów cache. Nie można wykonać częściowej aktualizacji. Zostanie ona wykonana przy następnym głównym cyklu.
lip 30 12:46:01 dashboard-zero.urbinek.eu python3[203610]: [    display    ][ ERROR  ] Brak zapisanych obrazów cache. Nie można wykonać częściowej aktualizacji. Zostanie ona wykonana przy następnym głównym cyklu.
lip 30 12:47:01 dashboard-zero.urbinek.eu python3[203610]: [    display    ][ ERROR  ] Brak zapisanych obrazów cache. Nie można wykonać częściowej aktualizacji. Zostanie ona wykonana przy następnym głównym cyklu.
lip 30 12:48:01 dashboard-zero.urbinek.eu python3[203610]: [    display    ][ ERROR  ] Brak zapisanych obrazów cache. Nie można wykonać częściowej aktualizacji. Zostanie ona wykonana przy następnym głównym cyklu.
lip 30 12:49:01 dashboard-zero.urbinek.eu python3[203610]: [    display    ][ ERROR  ] Brak zapisanych obrazów cache. Nie można wykonać częściowej aktualizacji. Zostanie ona wykonana przy następnym głównym cyklu.
lip 30 12:50:01 dashboard-zero.urbinek.eu python3[203610]: [    display    ][ ERROR  ] Brak zapisanych obrazów cache. Nie można wykonać częściowej aktualizacji. Zostanie ona wykonana przy następnym głównym cyklu.
lip 30 12:51:01 dashboard-zero.urbinek.eu python3[203610]: [    display    ][ ERROR  ] Brak zapisanych obrazów cache. Nie można wykonać częściowej aktualizacji. Zostanie ona wykonana przy następnym głównym cyklu.
lip 30 12:52:01 dashboard-zero.urbinek.eu python3[203610]: [    display    ][ ERROR  ] Brak zapisanych obrazów cache. Nie można wykonać częściowej aktualizacji. Zostanie ona wykonana przy następnym głównym cyklu.
lip 30 12:53:01 dashboard-zero.urbinek.eu python3[203610]: [    display    ][ ERROR  ] Brak zapisanych obrazów cache. Nie można wykonać częściowej aktualizacji. Zostanie ona wykonana przy następnym głównym cyklu.
lip 30 12:54:01 dashboard-zero.urbinek.eu python3[203610]: [    display    ][ ERROR  ] Brak zapisanych obrazów cache. Nie można wykonać częściowej aktualizacji. Zostanie ona wykonana przy następnym głównym cyklu.
lip 30 12:55:01 dashboard-zero.urbinek.eu python3[203610]: [    display    ][ ERROR  ] Brak zapisanych obrazów cache. Nie można wykonać częściowej aktualizacji. Zostanie ona wykonana przy następnym głównym cyklu.
lip 30 12:56:01 dashboard-zero.urbinek.eu python3[203610]: [    display    ][ ERROR  ] Brak zapisanych obrazów cache. Nie można wykonać częściowej aktualizacji. Zostanie ona wykonana przy następnym głównym cyklu.
lip 30 12:57:01 dashboard-zero.urbinek.eu python3[203610]: [    display    ][ ERROR  ] Brak zapisanych obrazów cache. Nie można wykonać częściowej aktualizacji. Zostanie ona wykonana przy następnym głównym cyklu.
lip 30 12:58:01 dashboard-zero.urbinek.eu python3[203610]: [    display    ][ ERROR  ] Brak zapisanych obrazów cache. Nie można wykonać częściowej aktualizacji. Zostanie ona wykonana przy następnym głównym cyklu.
lip 30 12:59:01 dashboard-zero.urbinek.eu python3[203610]: [    display    ][ ERROR  ] Brak zapisanych obrazów cache. Nie można wykonać częściowej aktualizacji. Zostanie ona wykonana przy następnym głównym cyklu.
lip 30 13:00:01 dashboard-zero.urbinek.eu python3[203610]: [    display    ][ ERROR  ] Brak zapisanych obrazów cache. Nie można wykonać częściowej aktualizacji. Zostanie ona wykonana przy następnym głównym cyklu.
lip 30 13:00:05 dashboard-zero.urbinek.eu python3[203610]: [      main     ][  INFO  ] Rozpoczynanie cogodzinnej, standardowej aktualizacji danych i ekranu...
lip 30 13:00:05 dashboard-zero.urbinek.eu python3[203610]: [      main     ][  INFO  ] Rozpoczynanie aktualizacji wszystkich źródeł danych...
lip 30 13:00:05 dashboard-zero.urbinek.eu python3[203610]: [    weather    ][  INFO  ] Pobieranie danych pogodowych z API: https://danepubliczne.imgw.pl/api/data/synop
lip 30 13:00:05 dashboard-zero.urbinek.eu python3[203610]: [    weather    ][WARNING ] Nie znaleziono ani preferowanej ('imgw/d/n0z80.svg') ani alternatywnej ikony. Używam ikony zastępczej.
lip 30 13:00:05 dashboard-zero.urbinek.eu python3[203610]: [    weather    ][  INFO  ] Pomyślnie zaktualizowano i zapisano dane pogodowe.
lip 30 13:00:05 dashboard-zero.urbinek.eu python3[203610]: [google_calendar][  INFO  ] Uruchamianie pełnej aktualizacji danych kalendarza...
lip 30 13:00:05 dashboard-zero.urbinek.eu python3[203610]: [google_calendar][  INFO  ] Aktualizowanie danych o świętach...
lip 30 13:00:05 dashboard-zero.urbinek.eu python3[203610]: [google_calendar][  INFO  ] Odświeżanie wygasłego tokenu Google...
lip 30 13:00:06 dashboard-zero.urbinek.eu python3[203610]: [google_calendar][  INFO  ] Zakończono aktualizację danych o świętach.
lip 30 13:00:06 dashboard-zero.urbinek.eu python3[203610]: [google_calendar][  INFO  ] Aktualizowanie wydarzeń osobistych...
lip 30 13:00:06 dashboard-zero.urbinek.eu python3[203610]: [google_calendar][  INFO  ] Zakończono aktualizację wydarzeń osobistych.
lip 30 13:00:06 dashboard-zero.urbinek.eu python3[203610]: [google_calendar][  INFO  ] Budowanie siatki kalendarza...
lip 30 13:00:06 dashboard-zero.urbinek.eu python3[203610]: [google_calendar][  INFO  ] Zakończono budowanie siatki kalendarza.
lip 30 13:00:06 dashboard-zero.urbinek.eu python3[203610]: [      main     ][  INFO  ] Zakończono aktualizację wszystkich źródeł danych.
lip 30 13:00:06 dashboard-zero.urbinek.eu python3[203610]: [      main     ][  INFO  ] Wykonywanie standardowego odświeżenia ekranu.
lip 30 13:00:06 dashboard-zero.urbinek.eu python3[203610]: [    display    ][  INFO  ] Generowanie nowego obrazu do pełnego odświeżenia.
lip 30 13:00:07 dashboard-zero.urbinek.eu python3[203610]: [    display    ][  INFO  ] Rozpoczynanie aktualizacji wyświetlacza (tryb: full).
lip 30 13:00:28 dashboard-zero.urbinek.eu python3[203610]: [    display    ][  INFO  ] Aktualizacja wyświetlacza (tryb: full) zakończona.
lip 30 14:00:05 dashboard-zero.urbinek.eu python3[203610]: [      main     ][  INFO  ] Rozpoczynanie cogodzinnej, standardowej aktualizacji danych i ekranu...
lip 30 14:00:05 dashboard-zero.urbinek.eu python3[203610]: [      main     ][  INFO  ] Rozpoczynanie aktualizacji wszystkich źródeł danych...
lip 30 14:00:05 dashboard-zero.urbinek.eu python3[203610]: [    weather    ][  INFO  ] Pobieranie danych pogodowych z API: https://danepubliczne.imgw.pl/api/data/synop
lip 30 14:00:06 dashboard-zero.urbinek.eu python3[203610]: [    weather    ][WARNING ] Nie znaleziono ani preferowanej ('imgw/d/n0z80.svg') ani alternatywnej ikony. Używam ikony zastępczej.
lip 30 14:00:06 dashboard-zero.urbinek.eu python3[203610]: [    weather    ][  INFO  ] Pomyślnie zaktualizowano i zapisano dane pogodowe.
lip 30 14:00:06 dashboard-zero.urbinek.eu python3[203610]: [google_calendar][  INFO  ] Uruchamianie pełnej aktualizacji danych kalendarza...
lip 30 14:00:06 dashboard-zero.urbinek.eu python3[203610]: [google_calendar][  INFO  ] Aktualizowanie danych o świętach...
lip 30 14:00:06 dashboard-zero.urbinek.eu python3[203610]: [google_calendar][  INFO  ] Odświeżanie wygasłego tokenu Google...
lip 30 14:00:07 dashboard-zero.urbinek.eu python3[203610]: [google_calendar][  INFO  ] Zakończono aktualizację danych o świętach.
lip 30 14:00:07 dashboard-zero.urbinek.eu python3[203610]: [google_calendar][  INFO  ] Aktualizowanie wydarzeń osobistych...
lip 30 14:00:08 dashboard-zero.urbinek.eu python3[203610]: [google_calendar][  INFO  ] Zakończono aktualizację wydarzeń osobistych.
lip 30 14:00:08 dashboard-zero.urbinek.eu python3[203610]: [google_calendar][  INFO  ] Budowanie siatki kalendarza...
lip 30 14:00:08 dashboard-zero.urbinek.eu python3[203610]: [google_calendar][  INFO  ] Zakończono budowanie siatki kalendarza.
lip 30 14:00:08 dashboard-zero.urbinek.eu python3[203610]: [      main     ][  INFO  ] Zakończono aktualizację wszystkich źródeł danych.
lip 30 14:00:08 dashboard-zero.urbinek.eu python3[203610]: [      main     ][  INFO  ] Wykonywanie standardowego odświeżenia ekranu.
lip 30 14:00:08 dashboard-zero.urbinek.eu python3[203610]: [    display    ][  INFO  ] Generowanie nowego obrazu do pełnego odświeżenia.
lip 30 14:00:16 dashboard-zero.urbinek.eu python3[203610]: [    display    ][  INFO  ] Rozpoczynanie aktualizacji wyświetlacza (tryb: full).
lip 30 14:00:38 dashboard-zero.urbinek.eu python3[203610]: [    display    ][  INFO  ] Aktualizacja wyświetlacza (tryb: full) zakończona.
lip 30 15:00:05 dashboard-zero.urbinek.eu python3[203610]: [      main     ][  INFO  ] Rozpoczynanie cogodzinnej, standardowej aktualizacji danych i ekranu...
lip 30 15:00:05 dashboard-zero.urbinek.eu python3[203610]: [      main     ][  INFO  ] Rozpoczynanie aktualizacji wszystkich źródeł danych...
lip 30 15:00:05 dashboard-zero.urbinek.eu python3[203610]: [    weather    ][  INFO  ] Pobieranie danych pogodowych z API: https://danepubliczne.imgw.pl/api/data/synop
lip 30 15:00:05 dashboard-zero.urbinek.eu python3[203610]: [    weather    ][WARNING ] Nie znaleziono ani preferowanej ('imgw/d/n0z80.svg') ani alternatywnej ikony. Używam ikony zastępczej.
lip 30 15:00:05 dashboard-zero.urbinek.eu python3[203610]: [    weather    ][  INFO  ] Pomyślnie zaktualizowano i zapisano dane pogodowe.
lip 30 15:00:05 dashboard-zero.urbinek.eu python3[203610]: [google_calendar][  INFO  ] Uruchamianie pełnej aktualizacji danych kalendarza...
lip 30 15:00:05 dashboard-zero.urbinek.eu python3[203610]: [google_calendar][  INFO  ] Aktualizowanie danych o świętach...
lip 30 15:00:05 dashboard-zero.urbinek.eu python3[203610]: [google_calendar][  INFO  ] Odświeżanie wygasłego tokenu Google...
lip 30 15:00:06 dashboard-zero.urbinek.eu python3[203610]: [google_calendar][  INFO  ] Zakończono aktualizację danych o świętach.
lip 30 15:00:06 dashboard-zero.urbinek.eu python3[203610]: [google_calendar][  INFO  ] Aktualizowanie wydarzeń osobistych...
lip 30 15:00:07 dashboard-zero.urbinek.eu python3[203610]: [google_calendar][  INFO  ] Zakończono aktualizację wydarzeń osobistych.
lip 30 15:00:07 dashboard-zero.urbinek.eu python3[203610]: [google_calendar][  INFO  ] Budowanie siatki kalendarza...
lip 30 15:00:08 dashboard-zero.urbinek.eu python3[203610]: [google_calendar][  INFO  ] Zakończono budowanie siatki kalendarza.
lip 30 15:00:08 dashboard-zero.urbinek.eu python3[203610]: [      main     ][  INFO  ] Zakończono aktualizację wszystkich źródeł danych.
lip 30 15:00:08 dashboard-zero.urbinek.eu python3[203610]: [      main     ][  INFO  ] Wykonywanie standardowego odświeżenia ekranu.
lip 30 15:00:08 dashboard-zero.urbinek.eu python3[203610]: [    display    ][  INFO  ] Generowanie nowego obrazu do pełnego odświeżenia.
lip 30 15:00:16 dashboard-zero.urbinek.eu python3[203610]: [    display    ][  INFO  ] Rozpoczynanie aktualizacji wyświetlacza (tryb: full).
lip 30 15:00:40 dashboard-zero.urbinek.eu python3[203610]: [    display    ][  INFO  ] Aktualizacja wyświetlacza (tryb: full) zakończona.
lip 30 16:00:05 dashboard-zero.urbinek.eu python3[203610]: [      main     ][  INFO  ] Rozpoczynanie cogodzinnej, standardowej aktualizacji danych i ekranu...
lip 30 16:00:05 dashboard-zero.urbinek.eu python3[203610]: [      main     ][  INFO  ] Rozpoczynanie aktualizacji wszystkich źródeł danych...
lip 30 16:00:05 dashboard-zero.urbinek.eu python3[203610]: [    weather    ][  INFO  ] Pobieranie danych pogodowych z API: https://danepubliczne.imgw.pl/api/data/synop
lip 30 16:00:06 dashboard-zero.urbinek.eu python3[203610]: [    weather    ][WARNING ] Nie znaleziono ani preferowanej ('imgw/d/n0z80.svg') ani alternatywnej ikony. Używam ikony zastępczej.
lip 30 16:00:06 dashboard-zero.urbinek.eu python3[203610]: [    weather    ][  INFO  ] Pomyślnie zaktualizowano i zapisano dane pogodowe.
lip 30 16:00:06 dashboard-zero.urbinek.eu python3[203610]: [google_calendar][  INFO  ] Uruchamianie pełnej aktualizacji danych kalendarza...
lip 30 16:00:06 dashboard-zero.urbinek.eu python3[203610]: [google_calendar][  INFO  ] Aktualizowanie danych o świętach...
lip 30 16:00:06 dashboard-zero.urbinek.eu python3[203610]: [google_calendar][  INFO  ] Odświeżanie wygasłego tokenu Google...
lip 30 16:00:07 dashboard-zero.urbinek.eu python3[203610]: [google_calendar][  INFO  ] Zakończono aktualizację danych o świętach.
lip 30 16:00:07 dashboard-zero.urbinek.eu python3[203610]: [google_calendar][  INFO  ] Aktualizowanie wydarzeń osobistych...
lip 30 16:00:08 dashboard-zero.urbinek.eu python3[203610]: [google_calendar][  INFO  ] Zakończono aktualizację wydarzeń osobistych.
lip 30 16:00:08 dashboard-zero.urbinek.eu python3[203610]: [google_calendar][  INFO  ] Budowanie siatki kalendarza...
lip 30 16:00:08 dashboard-zero.urbinek.eu python3[203610]: [google_calendar][  INFO  ] Zakończono budowanie siatki kalendarza.
lip 30 16:00:08 dashboard-zero.urbinek.eu python3[203610]: [      main     ][  INFO  ] Zakończono aktualizację wszystkich źródeł danych.
lip 30 16:00:08 dashboard-zero.urbinek.eu python3[203610]: [      main     ][  INFO  ] Wykonywanie standardowego odświeżenia ekranu.
lip 30 16:00:08 dashboard-zero.urbinek.eu python3[203610]: [    display    ][  INFO  ] Generowanie nowego obrazu do pełnego odświeżenia.
lip 30 16:00:16 dashboard-zero.urbinek.eu python3[203610]: [    display    ][  INFO  ] Rozpoczynanie aktualizacji wyświetlacza (tryb: full).
lip 30 16:00:40 dashboard-zero.urbinek.eu python3[203610]: [    display    ][  INFO  ] Aktualizacja wyświetlacza (tryb: full) zakończona.
lip 30 17:00:05 dashboard-zero.urbinek.eu python3[203610]: [      main     ][  INFO  ] Rozpoczynanie cogodzinnej, standardowej aktualizacji danych i ekranu...
lip 30 17:00:05 dashboard-zero.urbinek.eu python3[203610]: [      main     ][  INFO  ] Rozpoczynanie aktualizacji wszystkich źródeł danych...
lip 30 17:00:05 dashboard-zero.urbinek.eu python3[203610]: [    weather    ][  INFO  ] Pobieranie danych pogodowych z API: https://danepubliczne.imgw.pl/api/data/synop
lip 30 17:00:05 dashboard-zero.urbinek.eu python3[203610]: [    weather    ][WARNING ] Nie znaleziono ani preferowanej ('imgw/d/n0z80.svg') ani alternatywnej ikony. Używam ikony zastępczej.
lip 30 17:00:05 dashboard-zero.urbinek.eu python3[203610]: [    weather    ][  INFO  ] Pomyślnie zaktualizowano i zapisano dane pogodowe.
lip 30 17:00:05 dashboard-zero.urbinek.eu python3[203610]: [google_calendar][  INFO  ] Uruchamianie pełnej aktualizacji danych kalendarza...
lip 30 17:00:05 dashboard-zero.urbinek.eu python3[203610]: [google_calendar][  INFO  ] Aktualizowanie danych o świętach...
lip 30 17:00:05 dashboard-zero.urbinek.eu python3[203610]: [google_calendar][  INFO  ] Odświeżanie wygasłego tokenu Google...
lip 30 17:00:07 dashboard-zero.urbinek.eu python3[203610]: [google_calendar][  INFO  ] Zakończono aktualizację danych o świętach.
lip 30 17:00:07 dashboard-zero.urbinek.eu python3[203610]: [google_calendar][  INFO  ] Aktualizowanie wydarzeń osobistych...
lip 30 17:00:08 dashboard-zero.urbinek.eu python3[203610]: [google_calendar][  INFO  ] Zakończono aktualizację wydarzeń osobistych.
lip 30 17:00:08 dashboard-zero.urbinek.eu python3[203610]: [google_calendar][  INFO  ] Budowanie siatki kalendarza...
lip 30 17:00:08 dashboard-zero.urbinek.eu python3[203610]: [google_calendar][  INFO  ] Zakończono budowanie siatki kalendarza.
lip 30 17:00:08 dashboard-zero.urbinek.eu python3[203610]: [      main     ][  INFO  ] Zakończono aktualizację wszystkich źródeł danych.
lip 30 17:00:08 dashboard-zero.urbinek.eu python3[203610]: [      main     ][  INFO  ] Wykonywanie standardowego odświeżenia ekranu.
lip 30 17:00:08 dashboard-zero.urbinek.eu python3[203610]: [    display    ][  INFO  ] Generowanie nowego obrazu do pełnego odświeżenia.
lip 30 17:00:16 dashboard-zero.urbinek.eu python3[203610]: [    display    ][  INFO  ] Rozpoczynanie aktualizacji wyświetlacza (tryb: full).
lip 30 17:00:38 dashboard-zero.urbinek.eu python3[203610]: [    display    ][  INFO  ] Aktualizacja wyświetlacza (tryb: full) zakończona.
lip 30 18:00:05 dashboard-zero.urbinek.eu python3[203610]: [      main     ][  INFO  ] Rozpoczynanie cogodzinnej, standardowej aktualizacji danych i ekranu...
lip 30 18:00:05 dashboard-zero.urbinek.eu python3[203610]: [      main     ][  INFO  ] Rozpoczynanie aktualizacji wszystkich źródeł danych...
lip 30 18:00:05 dashboard-zero.urbinek.eu python3[203610]: [    weather    ][  INFO  ] Pobieranie danych pogodowych z API: https://danepubliczne.imgw.pl/api/data/synop
lip 30 18:00:05 dashboard-zero.urbinek.eu python3[203610]: [    weather    ][WARNING ] Nie znaleziono ani preferowanej ('imgw/d/n0z80.svg') ani alternatywnej ikony. Używam ikony zastępczej.
lip 30 18:00:05 dashboard-zero.urbinek.eu python3[203610]: [    weather    ][  INFO  ] Pomyślnie zaktualizowano i zapisano dane pogodowe.
lip 30 18:00:05 dashboard-zero.urbinek.eu python3[203610]: [google_calendar][  INFO  ] Uruchamianie pełnej aktualizacji danych kalendarza...
lip 30 18:00:05 dashboard-zero.urbinek.eu python3[203610]: [google_calendar][  INFO  ] Aktualizowanie danych o świętach...
lip 30 18:00:05 dashboard-zero.urbinek.eu python3[203610]: [google_calendar][  INFO  ] Odświeżanie wygasłego tokenu Google...
lip 30 18:00:07 dashboard-zero.urbinek.eu python3[203610]: [google_calendar][  INFO  ] Zakończono aktualizację danych o świętach.
lip 30 18:00:07 dashboard-zero.urbinek.eu python3[203610]: [google_calendar][  INFO  ] Aktualizowanie wydarzeń osobistych...
lip 30 18:00:08 dashboard-zero.urbinek.eu python3[203610]: [google_calendar][  INFO  ] Zakończono aktualizację wydarzeń osobistych.
lip 30 18:00:08 dashboard-zero.urbinek.eu python3[203610]: [google_calendar][  INFO  ] Budowanie siatki kalendarza...
lip 30 18:00:08 dashboard-zero.urbinek.eu python3[203610]: [google_calendar][  INFO  ] Zakończono budowanie siatki kalendarza.
lip 30 18:00:08 dashboard-zero.urbinek.eu python3[203610]: [      main     ][  INFO  ] Zakończono aktualizację wszystkich źródeł danych.
lip 30 18:00:08 dashboard-zero.urbinek.eu python3[203610]: [      main     ][  INFO  ] Wykonywanie standardowego odświeżenia ekranu.
lip 30 18:00:08 dashboard-zero.urbinek.eu python3[203610]: [    display    ][  INFO  ] Generowanie nowego obrazu do pełnego odświeżenia.
lip 30 18:00:16 dashboard-zero.urbinek.eu python3[203610]: [    display    ][  INFO  ] Rozpoczynanie aktualizacji wyświetlacza (tryb: full).
lip 30 18:00:38 dashboard-zero.urbinek.eu python3[203610]: [    display    ][  INFO  ] Aktualizacja wyświetlacza (tryb: full) zakończona.
